<?xml version="1.0" encoding="UTF-8"?>
<!-- Generated by org.testng.reporters.JUnitReportReporter -->
<testsuite hostname="wenwens-macbook.lan" failures="0" tests="3" name="com.crm.qa.testcases.OfficialUserHomePageTest" time="16.172" errors="0" timestamp="21 May 2020 05:05:09 GMT">
  <testcase classname="com.crm.qa.testcases.OfficialUserHomePageTest" name="logoImageTest" time="5.043"/>
  <testcase classname="com.crm.qa.testcases.OfficialUserHomePageTest" name="officialHomePageTestTitleTest" time="6.568"/>
  <testcase classname="com.crm.qa.testcases.OfficialUserHomePageTest" name="clickLogin" time="4.561"/>
</testsuite> <!-- com.crm.qa.testcases.OfficialUserHomePageTest -->
