<?xml version="1.0" encoding="UTF-8"?>
<!-- Generated by org.testng.reporters.JUnitReportReporter -->
<testsuite hostname="wenwens-macbook.lan" failures="0" tests="3" name="com.crm.qa.testcases.UserHomePageTest" time="30.997" errors="0" timestamp="21 May 2020 05:05:09 GMT">
  <testcase classname="com.crm.qa.testcases.UserHomePageTest" name="verifyCorrectUserNameTest" time="11.934"/>
  <testcase classname="com.crm.qa.testcases.UserHomePageTest" name="verifyContactsLinkTest" time="10.262"/>
  <testcase classname="com.crm.qa.testcases.UserHomePageTest" name="verifyUserHomePageTitleTest" time="8.801"/>
</testsuite> <!-- com.crm.qa.testcases.UserHomePageTest -->
